
Attaching package: ‘dplyr’

The following object is masked from ‘package:git2r’:

    pull

The following objects are masked from ‘package:stats’:

    filter, lag

The following objects are masked from ‘package:base’:

    intersect, setdiff, setequal, union

── Attaching packages ─────────────────────────────────────── tidyverse 1.3.0 ──
✓ ggplot2 3.3.3     ✓ purrr   0.3.4
✓ tibble  3.0.6     ✓ stringr 1.4.0
✓ tidyr   1.1.2     ✓ forcats 0.5.0
✓ readr   1.4.0     
── Conflicts ────────────────────────────────────────── tidyverse_conflicts() ──
x dplyr::filter()   masks stats::filter()
x purrr::is_empty() masks git2r::is_empty()
x dplyr::lag()      masks stats::lag()
x dplyr::pull()     masks git2r::pull()
x purrr::when()     masks git2r::when()
$token
[1] "GITHUB_PAT"

attr(,"class")
[1] "cred_token"
